Building DAG of jobs...
Using shell: /usr/bin/bash
Provided cores: 1 (use --cores to define parallelism)
Rules claiming more threads will be scaled down.
Job stats:
job                count    min threads    max threads
---------------  -------  -------------  -------------
all                    1              1              1
bowtieUnmasked         1              1              1
starAfterBowtie        1              1              1
total                  3              1              1

Select jobs to execute...

[Wed Sep 25 17:00:28 2024]
rule bowtieUnmasked:
    input: /data/vrc_his/douek_lab/projects/PathSeq/cokie_pathseq_rewrite/PathseqRepoTempSkyline/PathSeq/Code/bowtieUnmaskedGenome.sh, /data/vrc_his/douek_lab/projects/PathSeq/cokie_pathseq_rewrite/PathseqRepoTempSkyline/TestInput/582760806_A5_S33_R1_001_short_test.fastq.gz, /data/vrc_his/douek_lab/projects/PathSeq/cokie_pathseq_rewrite/PathseqRepoTempSkyline/TestInput/582760806_A5_S33_R2_001_short_test.fastq.gz, /data/vrc_his/douek_lab/projects/PathSeq/programs/picard/2.18.14/picard.jar
    output: /data/vrc_his/douek_lab/projects/PathSeq/cokie_pathseq_rewrite/PathseqRepoTempSkyline/Output/Sample_582760806_A5_S33_R1_001_short_test/Generated_Data_2nd_Bowtie_Alignment_Unmasked_Genome/unalignedRead1AgainstGenome_582760806_A5_S33_R1_001_short_test.fq, /data/vrc_his/douek_lab/projects/PathSeq/cokie_pathseq_rewrite/PathseqRepoTempSkyline/Output/Sample_582760806_A5_S33_R1_001_short_test/Generated_Data_2nd_Bowtie_Alignment_Unmasked_Genome/unalignedRead2AgainstGenome_582760806_A5_S33_R2_001_short_test.fq, /data/vrc_his/douek_lab/projects/PathSeq/cokie_pathseq_rewrite/PathseqRepoTempSkyline/Output/Sample_582760806_A5_S33_R1_001_short_test/ERCC_alignment_rates/ERCC_alignment_rate_582760806_A5_S33_R1_001_short_test.txt, /data/vrc_his/douek_lab/projects/PathSeq/cokie_pathseq_rewrite/PathseqRepoTempSkyline/Output/Sample_582760806_A5_S33_R1_001_short_test/Generated_Data_2nd_Bowtie_Alignment_Unmasked_Genome/picard_stderr_582760806_A5_S33_R1_001_short_test.txt, /data/vrc_his/douek_lab/projects/PathSeq/cokie_pathseq_rewrite/PathseqRepoTempSkyline/Output/Sample_582760806_A5_S33_R1_001_short_test/Generated_Data_2nd_Bowtie_Alignment_Unmasked_Genome/picard_stdout_582760806_A5_S33_R1_001_short_test.txt, /data/vrc_his/douek_lab/projects/PathSeq/cokie_pathseq_rewrite/PathseqRepoTempSkyline/Output/Sample_582760806_A5_S33_R1_001_short_test/finished_bowtieUnmaskedGenome.txt
    jobid: 2
    reason: Missing output files: /data/vrc_his/douek_lab/projects/PathSeq/cokie_pathseq_rewrite/PathseqRepoTempSkyline/Output/Sample_582760806_A5_S33_R1_001_short_test/Generated_Data_2nd_Bowtie_Alignment_Unmasked_Genome/unalignedRead2AgainstGenome_582760806_A5_S33_R2_001_short_test.fq, /data/vrc_his/douek_lab/projects/PathSeq/cokie_pathseq_rewrite/PathseqRepoTempSkyline/Output/Sample_582760806_A5_S33_R1_001_short_test/Generated_Data_2nd_Bowtie_Alignment_Unmasked_Genome/unalignedRead1AgainstGenome_582760806_A5_S33_R1_001_short_test.fq
    wildcards: sample=582760806_A5_S33
    resources: tmpdir=/data/scratch/parkercol/ai-hpcsubmit1, cpus=12


        bash /data/vrc_his/douek_lab/projects/PathSeq/cokie_pathseq_rewrite/PathseqRepoTempSkyline/PathSeq/Code/bowtieUnmaskedGenome.sh 582760806_A5_S33_R1_001_short_test 582760806_A5_S33_R2_001_short_test /data/vrc_his/douek_lab/projects/PathSeq/cokie_pathseq_rewrite/PathseqRepoTempSkyline/TestInput/582760806_A5_S33_R1_001_short_test.fastq.gz         /data/vrc_his/douek_lab/projects/PathSeq/cokie_pathseq_rewrite/PathseqRepoTempSkyline/TestInput/582760806_A5_S33_R2_001_short_test.fastq.gz /data/vrc_his/douek_lab/projects/PathSeq/cokie_pathseq_rewrite/PathseqRepoTempSkyline/Output/ /data/vrc_his/douek_lab/projects/PathSeq/cokie_pathseq_rewrite/PathseqRepoTempSkyline/PathSeq/Code/ /data/vrc_his/douek_lab/reference_sets/ERCC/ERCC92         /data/vrc_his/douek_lab/reference_sets/hg19/unmasked/genome /data/vrc_his/douek_lab/projects/PathSeq/programs/picard/2.18.14/picard.jar
        
[Wed Sep 25 17:00:50 2024]
Finished job 2.
1 of 3 steps (33%) done
Select jobs to execute...

[Wed Sep 25 17:00:50 2024]
rule starAfterBowtie:
    input: /data/vrc_his/douek_lab/projects/PathSeq/cokie_pathseq_rewrite/PathseqRepoTempSkyline/PathSeq/Code/starAfterBowtie.sh, /data/vrc_his/douek_lab/projects/PathSeq/cokie_pathseq_rewrite/PathseqRepoTempSkyline/Output/Sample_582760806_A5_S33_R1_001_short_test/Generated_Data_2nd_Bowtie_Alignment_Unmasked_Genome/unalignedRead1AgainstGenome_582760806_A5_S33_R1_001_short_test.fq, /data/vrc_his/douek_lab/projects/PathSeq/cokie_pathseq_rewrite/PathseqRepoTempSkyline/Output/Sample_582760806_A5_S33_R1_001_short_test/Generated_Data_2nd_Bowtie_Alignment_Unmasked_Genome/unalignedRead2AgainstGenome_582760806_A5_S33_R2_001_short_test.fq
    output: /data/vrc_his/douek_lab/projects/PathSeq/cokie_pathseq_rewrite/PathseqRepoTempSkyline/Output/Sample_582760806_A5_S33_R1_001_short_test/Generated_Data_Star_Alignment/582760806_A5_S33_R1_001_short_test_unalignedRead1AgainstTranscriptome.fq, /data/vrc_his/douek_lab/projects/PathSeq/cokie_pathseq_rewrite/PathseqRepoTempSkyline/Output/Sample_582760806_A5_S33_R1_001_short_test/Generated_Data_Star_Alignment/582760806_A5_S33_R2_001_short_test_unalignedRead2AgainstTranscriptome.fq, /data/vrc_his/douek_lab/projects/PathSeq/cokie_pathseq_rewrite/PathseqRepoTempSkyline/Output/Sample_582760806_A5_S33_R1_001_short_test/Generated_Data_Star_Alignment/582760806_A5_S33_R1_001_short_test_star_alignment_stats.txt
    jobid: 1
    reason: Missing output files: /data/vrc_his/douek_lab/projects/PathSeq/cokie_pathseq_rewrite/PathseqRepoTempSkyline/Output/Sample_582760806_A5_S33_R1_001_short_test/Generated_Data_Star_Alignment/582760806_A5_S33_R1_001_short_test_unalignedRead1AgainstTranscriptome.fq; Input files updated by another job: /data/vrc_his/douek_lab/projects/PathSeq/cokie_pathseq_rewrite/PathseqRepoTempSkyline/Output/Sample_582760806_A5_S33_R1_001_short_test/Generated_Data_2nd_Bowtie_Alignment_Unmasked_Genome/unalignedRead2AgainstGenome_582760806_A5_S33_R2_001_short_test.fq, /data/vrc_his/douek_lab/projects/PathSeq/cokie_pathseq_rewrite/PathseqRepoTempSkyline/Output/Sample_582760806_A5_S33_R1_001_short_test/Generated_Data_2nd_Bowtie_Alignment_Unmasked_Genome/unalignedRead1AgainstGenome_582760806_A5_S33_R1_001_short_test.fq
    wildcards: sample=582760806_A5_S33
    resources: tmpdir=/data/scratch/parkercol/ai-hpcsubmit1


        bash /data/vrc_his/douek_lab/projects/PathSeq/cokie_pathseq_rewrite/PathseqRepoTempSkyline/PathSeq/Code/starAfterBowtie.sh /data/vrc_his/douek_lab/projects/PathSeq/cokie_pathseq_rewrite/PathseqRepoTempSkyline/Output/Sample_582760806_A5_S33_R1_001_short_test/Generated_Data_2nd_Bowtie_Alignment_Unmasked_Genome/unalignedRead1AgainstGenome_582760806_A5_S33_R1_001_short_test.fq /data/vrc_his/douek_lab/projects/PathSeq/cokie_pathseq_rewrite/PathseqRepoTempSkyline/Output/Sample_582760806_A5_S33_R1_001_short_test/Generated_Data_2nd_Bowtie_Alignment_Unmasked_Genome/unalignedRead2AgainstGenome_582760806_A5_S33_R2_001_short_test.fq         582760806_A5_S33_R1_001_short_test 582760806_A5_S33_R2_001_short_test /data/vrc_his/douek_lab/projects/PathSeq/cokie_pathseq_rewrite/PathseqRepoTempSkyline/PathSeq/Code/ /data/vrc_his/douek_lab/projects/PathSeq/cokie_pathseq_rewrite/PathseqRepoTempSkyline/Output/Sample_582760806_A5_S33_R1_001_short_test/ /data/vrc_his/douek_lab/projects/PathSeq/cokie_pathseq_rewrite/StarReindex/
        
[Wed Sep 25 17:01:03 2024]
Finished job 1.
2 of 3 steps (67%) done
Select jobs to execute...

[Wed Sep 25 17:01:03 2024]
localrule all:
    input: /data/vrc_his/douek_lab/projects/PathSeq/cokie_pathseq_rewrite/PathseqRepoTempSkyline/Output/Sample_582760806_A5_S33_R1_001_short_test/Generated_Data_Star_Alignment/582760806_A5_S33_R1_001_short_test_unalignedRead1AgainstTranscriptome.fq
    jobid: 0
    reason: Input files updated by another job: /data/vrc_his/douek_lab/projects/PathSeq/cokie_pathseq_rewrite/PathseqRepoTempSkyline/Output/Sample_582760806_A5_S33_R1_001_short_test/Generated_Data_Star_Alignment/582760806_A5_S33_R1_001_short_test_unalignedRead1AgainstTranscriptome.fq
    resources: tmpdir=/data/scratch/parkercol/ai-hpcsubmit1

[Wed Sep 25 17:01:03 2024]
Finished job 0.
3 of 3 steps (100%) done
Complete log: .snakemake/log/2024-09-25T170026.215517.snakemake.log
