Building DAG of jobs...
Using shell: /usr/bin/bash
Provided cores: 1 (use --cores to define parallelism)
Rules claiming more threads will be scaled down.
Job stats:
job                 count    min threads    max threads
----------------  -------  -------------  -------------
read_sample_list        1              1              1
total                   1              1              1

Select jobs to execute...

[Wed Aug  7 14:36:18 2024]
rule read_sample_list:
    input: /data/vrc_his/douek_lab/projects/PathSeq/cokie_pathseq_rewrite/2023020_EVD68_NS/Input_Data/file_list
    jobid: 0
    reason: Rules with a run or shell declaration but no output are always executed.
    resources: tmpdir=/data/scratch/parkercol/ai-hpcsubmit1

[Wed Aug  7 14:36:19 2024]
Finished job 0.
1 of 1 steps (100%) done
Complete log: .snakemake/log/2024-08-07T143617.329568.snakemake.log
