Building DAG of jobs...
Using shell: /usr/bin/bash
Provided cores: 1 (use --cores to define parallelism)
Rules claiming more threads will be scaled down.
Job stats:
job                count    min threads    max threads
---------------  -------  -------------  -------------
all                    1              1              1
bowtiePrimate          2              1              1
bowtieUnmasked         2              1              1
starAfterBowtie        2              1              1
total                  7              1              1

Select jobs to execute...

[Wed Sep  4 18:15:24 2024]
rule bowtieUnmasked:
    input: /data/vrc_his/douek_lab/projects/PathSeq/cokie_pathseq_rewrite/PathseqRepoTempSkyline/PathSeq/Code/bowtieUnmaskedGenome.sh, /data/vrc_his/douek_lab/projects/PathSeq/cokie_pathseq_rewrite/2023020_EVD68_NS/Input_Data/582760806_A5_S33_R1_001.fastq.gz, /data/vrc_his/douek_lab/projects/PathSeq/cokie_pathseq_rewrite/2023020_EVD68_NS/Input_Data/582760806_A5_S33_R2_001.fastq.gz, /data/vrc_his/douek_lab/projects/PathSeq/programs/picard/2.18.14/picard.jar
    output: /data/vrc_his/douek_lab/projects/PathSeq/cokie_pathseq_rewrite/PathseqRepoTempSkyline/Output/Sample_582760806_A5_S33_R1_001/Generated_Data_2nd_Bowtie_Alignment_Unmasked_Genome/unalignedRead1AgainstGenome_582760806_A5_S33_R1_001.fq, /data/vrc_his/douek_lab/projects/PathSeq/cokie_pathseq_rewrite/PathseqRepoTempSkyline/Output/Sample_582760806_A5_S33_R1_001/Generated_Data_2nd_Bowtie_Alignment_Unmasked_Genome/unalignedRead2AgainstGenome_582760806_A5_S33_R2_001.fq, /data/vrc_his/douek_lab/projects/PathSeq/cokie_pathseq_rewrite/PathseqRepoTempSkyline/Output/Sample_582760806_A5_S33_R1_001/ERCC_alignment_rates/ERCC_alignment_rate_582760806_A5_S33_R1_001.txt, /data/vrc_his/douek_lab/projects/PathSeq/cokie_pathseq_rewrite/PathseqRepoTempSkyline/Output/Sample_582760806_A5_S33_R1_001/Generated_Data_2nd_Bowtie_Alignment_Unmasked_Genome/picard_stderr_582760806_A5_S33_R1_001.txt, /data/vrc_his/douek_lab/projects/PathSeq/cokie_pathseq_rewrite/PathseqRepoTempSkyline/Output/Sample_582760806_A5_S33_R1_001/Generated_Data_2nd_Bowtie_Alignment_Unmasked_Genome/picard_stdout_582760806_A5_S33_R1_001.txt, /data/vrc_his/douek_lab/projects/PathSeq/cokie_pathseq_rewrite/PathseqRepoTempSkyline/Output/Sample_582760806_A5_S33_R1_001/finished_bowtieUnmaskedGenome.txt
    jobid: 3
    reason: Missing output files: /data/vrc_his/douek_lab/projects/PathSeq/cokie_pathseq_rewrite/PathseqRepoTempSkyline/Output/Sample_582760806_A5_S33_R1_001/Generated_Data_2nd_Bowtie_Alignment_Unmasked_Genome/unalignedRead1AgainstGenome_582760806_A5_S33_R1_001.fq, /data/vrc_his/douek_lab/projects/PathSeq/cokie_pathseq_rewrite/PathseqRepoTempSkyline/Output/Sample_582760806_A5_S33_R1_001/Generated_Data_2nd_Bowtie_Alignment_Unmasked_Genome/unalignedRead2AgainstGenome_582760806_A5_S33_R2_001.fq
    wildcards: sample=582760806_A5_S33
    resources: tmpdir=/data/scratch/parkercol/ai-hpcsubmit2, cpus=12


        bash /data/vrc_his/douek_lab/projects/PathSeq/cokie_pathseq_rewrite/PathseqRepoTempSkyline/PathSeq/Code/bowtieUnmaskedGenome.sh 582760806_A5_S33_R1_001 582760806_A5_S33_R2_001 /data/vrc_his/douek_lab/projects/PathSeq/cokie_pathseq_rewrite/2023020_EVD68_NS/Input_Data/582760806_A5_S33_R1_001.fastq.gz         /data/vrc_his/douek_lab/projects/PathSeq/cokie_pathseq_rewrite/2023020_EVD68_NS/Input_Data/582760806_A5_S33_R2_001.fastq.gz /data/vrc_his/douek_lab/projects/PathSeq/cokie_pathseq_rewrite/PathseqRepoTempSkyline/Output/ /data/vrc_his/douek_lab/projects/PathSeq/cokie_pathseq_rewrite/PathseqRepoTempSkyline/PathSeq/Code/ /data/vrc_his/douek_lab/reference_sets/ERCC/ERCC92         /data/vrc_his/douek_lab/reference_sets/hg19/unmasked/genome /data/vrc_his/douek_lab/projects/PathSeq/programs/picard/2.18.14/picard.jar
        
[Wed Sep  4 18:37:34 2024]
Finished job 3.
1 of 7 steps (14%) done
Select jobs to execute...

[Wed Sep  4 18:37:34 2024]
rule starAfterBowtie:
    input: /data/vrc_his/douek_lab/projects/PathSeq/cokie_pathseq_rewrite/PathseqRepoTempSkyline/PathSeq/Code/starAfterBowtie.sh, /data/vrc_his/douek_lab/projects/PathSeq/cokie_pathseq_rewrite/PathseqRepoTempSkyline/Output/Sample_582760806_A5_S33_R1_001/Generated_Data_2nd_Bowtie_Alignment_Unmasked_Genome/unalignedRead1AgainstGenome_582760806_A5_S33_R1_001.fq, /data/vrc_his/douek_lab/projects/PathSeq/cokie_pathseq_rewrite/PathseqRepoTempSkyline/Output/Sample_582760806_A5_S33_R1_001/Generated_Data_2nd_Bowtie_Alignment_Unmasked_Genome/unalignedRead2AgainstGenome_582760806_A5_S33_R2_001.fq
    output: /data/vrc_his/douek_lab/projects/PathSeq/cokie_pathseq_rewrite/PathseqRepoTempSkyline/Output/Sample_582760806_A5_S33_R1_001/Generated_Data_Star_Alignment/582760806_A5_S33_R1_001_unalignedRead1AgainstTranscriptome.fq, /data/vrc_his/douek_lab/projects/PathSeq/cokie_pathseq_rewrite/PathseqRepoTempSkyline/Output/Sample_582760806_A5_S33_R1_001/Generated_Data_Star_Alignment/582760806_A5_S33_R2_001_unalignedRead2AgainstTranscriptome.fq, /data/vrc_his/douek_lab/projects/PathSeq/cokie_pathseq_rewrite/PathseqRepoTempSkyline/Output/Sample_582760806_A5_S33_R1_001/Generated_Data_Star_Alignment/582760806_A5_S33_R1_001_star_alignment_stats.txt
    jobid: 2
    reason: Missing output files: /data/vrc_his/douek_lab/projects/PathSeq/cokie_pathseq_rewrite/PathseqRepoTempSkyline/Output/Sample_582760806_A5_S33_R1_001/Generated_Data_Star_Alignment/582760806_A5_S33_R1_001_unalignedRead1AgainstTranscriptome.fq, /data/vrc_his/douek_lab/projects/PathSeq/cokie_pathseq_rewrite/PathseqRepoTempSkyline/Output/Sample_582760806_A5_S33_R1_001/Generated_Data_Star_Alignment/582760806_A5_S33_R2_001_unalignedRead2AgainstTranscriptome.fq; Input files updated by another job: /data/vrc_his/douek_lab/projects/PathSeq/cokie_pathseq_rewrite/PathseqRepoTempSkyline/Output/Sample_582760806_A5_S33_R1_001/Generated_Data_2nd_Bowtie_Alignment_Unmasked_Genome/unalignedRead1AgainstGenome_582760806_A5_S33_R1_001.fq, /data/vrc_his/douek_lab/projects/PathSeq/cokie_pathseq_rewrite/PathseqRepoTempSkyline/Output/Sample_582760806_A5_S33_R1_001/Generated_Data_2nd_Bowtie_Alignment_Unmasked_Genome/unalignedRead2AgainstGenome_582760806_A5_S33_R2_001.fq
    wildcards: sample=582760806_A5_S33
    resources: tmpdir=/data/scratch/parkercol/ai-hpcsubmit2


        bash /data/vrc_his/douek_lab/projects/PathSeq/cokie_pathseq_rewrite/PathseqRepoTempSkyline/PathSeq/Code/starAfterBowtie.sh /data/vrc_his/douek_lab/projects/PathSeq/cokie_pathseq_rewrite/PathseqRepoTempSkyline/Output/Sample_582760806_A5_S33_R1_001/Generated_Data_2nd_Bowtie_Alignment_Unmasked_Genome/unalignedRead1AgainstGenome_582760806_A5_S33_R1_001.fq /data/vrc_his/douek_lab/projects/PathSeq/cokie_pathseq_rewrite/PathseqRepoTempSkyline/Output/Sample_582760806_A5_S33_R1_001/Generated_Data_2nd_Bowtie_Alignment_Unmasked_Genome/unalignedRead2AgainstGenome_582760806_A5_S33_R2_001.fq         582760806_A5_S33_R1_001 582760806_A5_S33_R2_001 /data/vrc_his/douek_lab/projects/PathSeq/cokie_pathseq_rewrite/PathseqRepoTempSkyline/PathSeq/Code/ /data/vrc_his/douek_lab/projects/PathSeq/cokie_pathseq_rewrite/PathseqRepoTempSkyline/Output/Sample_582760806_A5_S33_R1_001 /data/vrc_his/douek_lab/reference_sets/hg38/Sequence/STAR/
        
[Wed Sep  4 18:37:37 2024]
Finished job 2.
2 of 7 steps (29%) done
Select jobs to execute...

[Wed Sep  4 18:37:37 2024]
rule bowtieUnmasked:
    input: /data/vrc_his/douek_lab/projects/PathSeq/cokie_pathseq_rewrite/PathseqRepoTempSkyline/PathSeq/Code/bowtieUnmaskedGenome.sh, /data/vrc_his/douek_lab/projects/PathSeq/cokie_pathseq_rewrite/2023020_EVD68_NS/Input_Data/582760840_B5_S34_R1_001.fastq.gz, /data/vrc_his/douek_lab/projects/PathSeq/cokie_pathseq_rewrite/2023020_EVD68_NS/Input_Data/582760840_B5_S34_R2_001.fastq.gz, /data/vrc_his/douek_lab/projects/PathSeq/programs/picard/2.18.14/picard.jar
    output: /data/vrc_his/douek_lab/projects/PathSeq/cokie_pathseq_rewrite/PathseqRepoTempSkyline/Output/Sample_582760840_B5_S34_R1_001/Generated_Data_2nd_Bowtie_Alignment_Unmasked_Genome/unalignedRead1AgainstGenome_582760840_B5_S34_R1_001.fq, /data/vrc_his/douek_lab/projects/PathSeq/cokie_pathseq_rewrite/PathseqRepoTempSkyline/Output/Sample_582760840_B5_S34_R1_001/Generated_Data_2nd_Bowtie_Alignment_Unmasked_Genome/unalignedRead2AgainstGenome_582760840_B5_S34_R2_001.fq, /data/vrc_his/douek_lab/projects/PathSeq/cokie_pathseq_rewrite/PathseqRepoTempSkyline/Output/Sample_582760840_B5_S34_R1_001/ERCC_alignment_rates/ERCC_alignment_rate_582760840_B5_S34_R1_001.txt, /data/vrc_his/douek_lab/projects/PathSeq/cokie_pathseq_rewrite/PathseqRepoTempSkyline/Output/Sample_582760840_B5_S34_R1_001/Generated_Data_2nd_Bowtie_Alignment_Unmasked_Genome/picard_stderr_582760840_B5_S34_R1_001.txt, /data/vrc_his/douek_lab/projects/PathSeq/cokie_pathseq_rewrite/PathseqRepoTempSkyline/Output/Sample_582760840_B5_S34_R1_001/Generated_Data_2nd_Bowtie_Alignment_Unmasked_Genome/picard_stdout_582760840_B5_S34_R1_001.txt, /data/vrc_his/douek_lab/projects/PathSeq/cokie_pathseq_rewrite/PathseqRepoTempSkyline/Output/Sample_582760840_B5_S34_R1_001/finished_bowtieUnmaskedGenome.txt
    jobid: 6
    reason: Missing output files: /data/vrc_his/douek_lab/projects/PathSeq/cokie_pathseq_rewrite/PathseqRepoTempSkyline/Output/Sample_582760840_B5_S34_R1_001/Generated_Data_2nd_Bowtie_Alignment_Unmasked_Genome/unalignedRead2AgainstGenome_582760840_B5_S34_R2_001.fq, /data/vrc_his/douek_lab/projects/PathSeq/cokie_pathseq_rewrite/PathseqRepoTempSkyline/Output/Sample_582760840_B5_S34_R1_001/Generated_Data_2nd_Bowtie_Alignment_Unmasked_Genome/unalignedRead1AgainstGenome_582760840_B5_S34_R1_001.fq
    wildcards: sample=582760840_B5_S34
    resources: tmpdir=/data/scratch/parkercol/ai-hpcsubmit2, cpus=12


        bash /data/vrc_his/douek_lab/projects/PathSeq/cokie_pathseq_rewrite/PathseqRepoTempSkyline/PathSeq/Code/bowtieUnmaskedGenome.sh 582760840_B5_S34_R1_001 582760840_B5_S34_R2_001 /data/vrc_his/douek_lab/projects/PathSeq/cokie_pathseq_rewrite/2023020_EVD68_NS/Input_Data/582760840_B5_S34_R1_001.fastq.gz         /data/vrc_his/douek_lab/projects/PathSeq/cokie_pathseq_rewrite/2023020_EVD68_NS/Input_Data/582760840_B5_S34_R2_001.fastq.gz /data/vrc_his/douek_lab/projects/PathSeq/cokie_pathseq_rewrite/PathseqRepoTempSkyline/Output/ /data/vrc_his/douek_lab/projects/PathSeq/cokie_pathseq_rewrite/PathseqRepoTempSkyline/PathSeq/Code/ /data/vrc_his/douek_lab/reference_sets/ERCC/ERCC92         /data/vrc_his/douek_lab/reference_sets/hg19/unmasked/genome /data/vrc_his/douek_lab/projects/PathSeq/programs/picard/2.18.14/picard.jar
        
[Wed Sep  4 18:53:19 2024]
Finished job 6.
3 of 7 steps (43%) done
Select jobs to execute...

[Wed Sep  4 18:53:19 2024]
rule starAfterBowtie:
    input: /data/vrc_his/douek_lab/projects/PathSeq/cokie_pathseq_rewrite/PathseqRepoTempSkyline/PathSeq/Code/starAfterBowtie.sh, /data/vrc_his/douek_lab/projects/PathSeq/cokie_pathseq_rewrite/PathseqRepoTempSkyline/Output/Sample_582760840_B5_S34_R1_001/Generated_Data_2nd_Bowtie_Alignment_Unmasked_Genome/unalignedRead1AgainstGenome_582760840_B5_S34_R1_001.fq, /data/vrc_his/douek_lab/projects/PathSeq/cokie_pathseq_rewrite/PathseqRepoTempSkyline/Output/Sample_582760840_B5_S34_R1_001/Generated_Data_2nd_Bowtie_Alignment_Unmasked_Genome/unalignedRead2AgainstGenome_582760840_B5_S34_R2_001.fq
    output: /data/vrc_his/douek_lab/projects/PathSeq/cokie_pathseq_rewrite/PathseqRepoTempSkyline/Output/Sample_582760840_B5_S34_R1_001/Generated_Data_Star_Alignment/582760840_B5_S34_R1_001_unalignedRead1AgainstTranscriptome.fq, /data/vrc_his/douek_lab/projects/PathSeq/cokie_pathseq_rewrite/PathseqRepoTempSkyline/Output/Sample_582760840_B5_S34_R1_001/Generated_Data_Star_Alignment/582760840_B5_S34_R2_001_unalignedRead2AgainstTranscriptome.fq, /data/vrc_his/douek_lab/projects/PathSeq/cokie_pathseq_rewrite/PathseqRepoTempSkyline/Output/Sample_582760840_B5_S34_R1_001/Generated_Data_Star_Alignment/582760840_B5_S34_R1_001_star_alignment_stats.txt
    jobid: 5
    reason: Missing output files: /data/vrc_his/douek_lab/projects/PathSeq/cokie_pathseq_rewrite/PathseqRepoTempSkyline/Output/Sample_582760840_B5_S34_R1_001/Generated_Data_Star_Alignment/582760840_B5_S34_R2_001_unalignedRead2AgainstTranscriptome.fq, /data/vrc_his/douek_lab/projects/PathSeq/cokie_pathseq_rewrite/PathseqRepoTempSkyline/Output/Sample_582760840_B5_S34_R1_001/Generated_Data_Star_Alignment/582760840_B5_S34_R1_001_unalignedRead1AgainstTranscriptome.fq; Input files updated by another job: /data/vrc_his/douek_lab/projects/PathSeq/cokie_pathseq_rewrite/PathseqRepoTempSkyline/Output/Sample_582760840_B5_S34_R1_001/Generated_Data_2nd_Bowtie_Alignment_Unmasked_Genome/unalignedRead2AgainstGenome_582760840_B5_S34_R2_001.fq, /data/vrc_his/douek_lab/projects/PathSeq/cokie_pathseq_rewrite/PathseqRepoTempSkyline/Output/Sample_582760840_B5_S34_R1_001/Generated_Data_2nd_Bowtie_Alignment_Unmasked_Genome/unalignedRead1AgainstGenome_582760840_B5_S34_R1_001.fq
    wildcards: sample=582760840_B5_S34
    resources: tmpdir=/data/scratch/parkercol/ai-hpcsubmit2


        bash /data/vrc_his/douek_lab/projects/PathSeq/cokie_pathseq_rewrite/PathseqRepoTempSkyline/PathSeq/Code/starAfterBowtie.sh /data/vrc_his/douek_lab/projects/PathSeq/cokie_pathseq_rewrite/PathseqRepoTempSkyline/Output/Sample_582760840_B5_S34_R1_001/Generated_Data_2nd_Bowtie_Alignment_Unmasked_Genome/unalignedRead1AgainstGenome_582760840_B5_S34_R1_001.fq /data/vrc_his/douek_lab/projects/PathSeq/cokie_pathseq_rewrite/PathseqRepoTempSkyline/Output/Sample_582760840_B5_S34_R1_001/Generated_Data_2nd_Bowtie_Alignment_Unmasked_Genome/unalignedRead2AgainstGenome_582760840_B5_S34_R2_001.fq         582760840_B5_S34_R1_001 582760840_B5_S34_R2_001 /data/vrc_his/douek_lab/projects/PathSeq/cokie_pathseq_rewrite/PathseqRepoTempSkyline/PathSeq/Code/ /data/vrc_his/douek_lab/projects/PathSeq/cokie_pathseq_rewrite/PathseqRepoTempSkyline/Output/Sample_582760840_B5_S34_R1_001 /data/vrc_his/douek_lab/reference_sets/hg38/Sequence/STAR/
        
[Wed Sep  4 18:53:23 2024]
Finished job 5.
4 of 7 steps (57%) done
Select jobs to execute...

[Wed Sep  4 18:53:23 2024]
rule bowtiePrimate:
    input: /data/vrc_his/douek_lab/projects/PathSeq/cokie_pathseq_rewrite/PathseqRepoTempSkyline/PathSeq/Code/bowtiePrimate.sh, /data/vrc_his/douek_lab/projects/PathSeq/cokie_pathseq_rewrite/PathseqRepoTempSkyline/Output/Sample_582760806_A5_S33_R1_001/Generated_Data_Star_Alignment/582760806_A5_S33_R1_001_unalignedRead1AgainstTranscriptome.fq, /data/vrc_his/douek_lab/projects/PathSeq/cokie_pathseq_rewrite/PathseqRepoTempSkyline/Output/Sample_582760806_A5_S33_R1_001/Generated_Data_Star_Alignment/582760806_A5_S33_R2_001_unalignedRead2AgainstTranscriptome.fq
    output: /data/vrc_his/douek_lab/projects/PathSeq/cokie_pathseq_rewrite/PathseqRepoTempSkyline/Output/Sample_582760806_A5_S33_R1_001/primate_alignment_rates/primate_alignment_bowtie_582760806_A5_S33_R1_001.sam
    jobid: 1
    reason: Missing output files: /data/vrc_his/douek_lab/projects/PathSeq/cokie_pathseq_rewrite/PathseqRepoTempSkyline/Output/Sample_582760806_A5_S33_R1_001/primate_alignment_rates/primate_alignment_bowtie_582760806_A5_S33_R1_001.sam; Input files updated by another job: /data/vrc_his/douek_lab/projects/PathSeq/cokie_pathseq_rewrite/PathseqRepoTempSkyline/Output/Sample_582760806_A5_S33_R1_001/Generated_Data_Star_Alignment/582760806_A5_S33_R1_001_unalignedRead1AgainstTranscriptome.fq, /data/vrc_his/douek_lab/projects/PathSeq/cokie_pathseq_rewrite/PathseqRepoTempSkyline/Output/Sample_582760806_A5_S33_R1_001/Generated_Data_Star_Alignment/582760806_A5_S33_R2_001_unalignedRead2AgainstTranscriptome.fq
    wildcards: sample=582760806_A5_S33
    resources: tmpdir=/data/scratch/parkercol/ai-hpcsubmit2


        bash /data/vrc_his/douek_lab/projects/PathSeq/cokie_pathseq_rewrite/PathseqRepoTempSkyline/PathSeq/Code/bowtiePrimate.sh /data/vrc_his/douek_lab/projects/PathSeq/cokie_pathseq_rewrite/PathseqRepoTempSkyline/Output/Sample_582760806_A5_S33_R1_001/Generated_Data_Star_Alignment/582760806_A5_S33_R1_001_unalignedRead1AgainstTranscriptome.fq /data/vrc_his/douek_lab/projects/PathSeq/cokie_pathseq_rewrite/PathseqRepoTempSkyline/Output/Sample_582760806_A5_S33_R1_001/Generated_Data_Star_Alignment/582760806_A5_S33_R2_001_unalignedRead2AgainstTranscriptome.fq /data/vrc_his/douek_lab/projects/PathSeq/cokie_pathseq_rewrite/PathseqRepoTempSkyline/Output/Sample_582760806_A5_S33_R1_001         /data/vrc_his/douek_lab/projects/PathSeq/cokie_pathseq_rewrite/PathseqRepoTempSkyline/PathSeq/Code/ 582760806_A5_S33_R1_001 582760806_A5_S33_R2_001 /data/vrc_his/douek_lab/reference_sets/NCBI_nt/20210302/primates
        
[Wed Sep  4 18:53:28 2024]
Error in rule bowtiePrimate:
    jobid: 1
    input: /data/vrc_his/douek_lab/projects/PathSeq/cokie_pathseq_rewrite/PathseqRepoTempSkyline/PathSeq/Code/bowtiePrimate.sh, /data/vrc_his/douek_lab/projects/PathSeq/cokie_pathseq_rewrite/PathseqRepoTempSkyline/Output/Sample_582760806_A5_S33_R1_001/Generated_Data_Star_Alignment/582760806_A5_S33_R1_001_unalignedRead1AgainstTranscriptome.fq, /data/vrc_his/douek_lab/projects/PathSeq/cokie_pathseq_rewrite/PathseqRepoTempSkyline/Output/Sample_582760806_A5_S33_R1_001/Generated_Data_Star_Alignment/582760806_A5_S33_R2_001_unalignedRead2AgainstTranscriptome.fq
    output: /data/vrc_his/douek_lab/projects/PathSeq/cokie_pathseq_rewrite/PathseqRepoTempSkyline/Output/Sample_582760806_A5_S33_R1_001/primate_alignment_rates/primate_alignment_bowtie_582760806_A5_S33_R1_001.sam
    shell:
        
        bash /data/vrc_his/douek_lab/projects/PathSeq/cokie_pathseq_rewrite/PathseqRepoTempSkyline/PathSeq/Code/bowtiePrimate.sh /data/vrc_his/douek_lab/projects/PathSeq/cokie_pathseq_rewrite/PathseqRepoTempSkyline/Output/Sample_582760806_A5_S33_R1_001/Generated_Data_Star_Alignment/582760806_A5_S33_R1_001_unalignedRead1AgainstTranscriptome.fq /data/vrc_his/douek_lab/projects/PathSeq/cokie_pathseq_rewrite/PathseqRepoTempSkyline/Output/Sample_582760806_A5_S33_R1_001/Generated_Data_Star_Alignment/582760806_A5_S33_R2_001_unalignedRead2AgainstTranscriptome.fq /data/vrc_his/douek_lab/projects/PathSeq/cokie_pathseq_rewrite/PathseqRepoTempSkyline/Output/Sample_582760806_A5_S33_R1_001         /data/vrc_his/douek_lab/projects/PathSeq/cokie_pathseq_rewrite/PathseqRepoTempSkyline/PathSeq/Code/ 582760806_A5_S33_R1_001 582760806_A5_S33_R2_001 /data/vrc_his/douek_lab/reference_sets/NCBI_nt/20210302/primates
        
        (one of the commands exited with non-zero exit code; note that snakemake uses bash strict mode!)

Shutting down, this might take some time.
Exiting because a job execution failed. Look above for error message
Complete log: .snakemake/log/2024-09-04T181522.135694.snakemake.log
