Building DAG of jobs...
Using shell: /usr/bin/bash
Provided cores: 1 (use --cores to define parallelism)
Rules claiming more threads will be scaled down.
Job stats:
job               count    min threads    max threads
--------------  -------  -------------  -------------
all                   1              1              1
bowtieUnmasked        2              1              1
total                 3              1              1

Select jobs to execute...

[Thu Sep  5 13:31:43 2024]
rule bowtieUnmasked:
    input: /data/vrc_his/douek_lab/projects/PathSeq/cokie_pathseq_rewrite/PathseqRepoTempSkyline/PathSeq/Code/bowtieUnmaskedGenome.sh, /data/vrc_his/douek_lab/projects/PathSeq/cokie_pathseq_rewrite/2023020_EVD68_NS/Input_Data/582760806_A5_S33_R1_001.fastq.gz, /data/vrc_his/douek_lab/projects/PathSeq/cokie_pathseq_rewrite/2023020_EVD68_NS/Input_Data/582760806_A5_S33_R2_001.fastq.gz, /data/vrc_his/douek_lab/projects/PathSeq/programs/picard/2.18.14/picard.jar
    output: /data/vrc_his/douek_lab/projects/PathSeq/cokie_pathseq_rewrite/PathseqRepoTempSkyline/Output/Sample_582760806_A5_S33_R1_001/Generated_Data_2nd_Bowtie_Alignment_Unmasked_Genome/unalignedRead1AgainstGenome_582760806_A5_S33_R1_001.fq, /data/vrc_his/douek_lab/projects/PathSeq/cokie_pathseq_rewrite/PathseqRepoTempSkyline/Output/Sample_582760806_A5_S33_R1_001/Generated_Data_2nd_Bowtie_Alignment_Unmasked_Genome/unalignedRead2AgainstGenome_582760806_A5_S33_R2_001.fq, /data/vrc_his/douek_lab/projects/PathSeq/cokie_pathseq_rewrite/PathseqRepoTempSkyline/Output/Sample_582760806_A5_S33_R1_001/ERCC_alignment_rates/ERCC_alignment_rate_582760806_A5_S33_R1_001.txt, /data/vrc_his/douek_lab/projects/PathSeq/cokie_pathseq_rewrite/PathseqRepoTempSkyline/Output/Sample_582760806_A5_S33_R1_001/Generated_Data_2nd_Bowtie_Alignment_Unmasked_Genome/picard_stderr_582760806_A5_S33_R1_001.txt, /data/vrc_his/douek_lab/projects/PathSeq/cokie_pathseq_rewrite/PathseqRepoTempSkyline/Output/Sample_582760806_A5_S33_R1_001/Generated_Data_2nd_Bowtie_Alignment_Unmasked_Genome/picard_stdout_582760806_A5_S33_R1_001.txt, /data/vrc_his/douek_lab/projects/PathSeq/cokie_pathseq_rewrite/PathseqRepoTempSkyline/Output/Sample_582760806_A5_S33_R1_001/finished_bowtieUnmaskedGenome.txt
    jobid: 1
    reason: Missing output files: /data/vrc_his/douek_lab/projects/PathSeq/cokie_pathseq_rewrite/PathseqRepoTempSkyline/Output/Sample_582760806_A5_S33_R1_001/Generated_Data_2nd_Bowtie_Alignment_Unmasked_Genome/unalignedRead1AgainstGenome_582760806_A5_S33_R1_001.fq
    wildcards: sample=582760806_A5_S33
    resources: tmpdir=/data/scratch/parkercol/ai-hpcsubmit1, cpus=12


        bash /data/vrc_his/douek_lab/projects/PathSeq/cokie_pathseq_rewrite/PathseqRepoTempSkyline/PathSeq/Code/bowtieUnmaskedGenome.sh 582760806_A5_S33_R1_001 582760806_A5_S33_R2_001 /data/vrc_his/douek_lab/projects/PathSeq/cokie_pathseq_rewrite/2023020_EVD68_NS/Input_Data/582760806_A5_S33_R1_001.fastq.gz         /data/vrc_his/douek_lab/projects/PathSeq/cokie_pathseq_rewrite/2023020_EVD68_NS/Input_Data/582760806_A5_S33_R2_001.fastq.gz /data/vrc_his/douek_lab/projects/PathSeq/cokie_pathseq_rewrite/PathseqRepoTempSkyline/Output/ /data/vrc_his/douek_lab/projects/PathSeq/cokie_pathseq_rewrite/PathseqRepoTempSkyline/PathSeq/Code/ /data/vrc_his/douek_lab/reference_sets/ERCC/ERCC92         /data/vrc_his/douek_lab/reference_sets/hg19/unmasked/genome /data/vrc_his/douek_lab/projects/PathSeq/programs/picard/2.18.14/picard.jar
        
[Thu Sep  5 13:52:44 2024]
Finished job 1.
1 of 3 steps (33%) done
Select jobs to execute...

[Thu Sep  5 13:52:44 2024]
rule bowtieUnmasked:
    input: /data/vrc_his/douek_lab/projects/PathSeq/cokie_pathseq_rewrite/PathseqRepoTempSkyline/PathSeq/Code/bowtieUnmaskedGenome.sh, /data/vrc_his/douek_lab/projects/PathSeq/cokie_pathseq_rewrite/2023020_EVD68_NS/Input_Data/582760840_B5_S34_R1_001.fastq.gz, /data/vrc_his/douek_lab/projects/PathSeq/cokie_pathseq_rewrite/2023020_EVD68_NS/Input_Data/582760840_B5_S34_R2_001.fastq.gz, /data/vrc_his/douek_lab/projects/PathSeq/programs/picard/2.18.14/picard.jar
    output: /data/vrc_his/douek_lab/projects/PathSeq/cokie_pathseq_rewrite/PathseqRepoTempSkyline/Output/Sample_582760840_B5_S34_R1_001/Generated_Data_2nd_Bowtie_Alignment_Unmasked_Genome/unalignedRead1AgainstGenome_582760840_B5_S34_R1_001.fq, /data/vrc_his/douek_lab/projects/PathSeq/cokie_pathseq_rewrite/PathseqRepoTempSkyline/Output/Sample_582760840_B5_S34_R1_001/Generated_Data_2nd_Bowtie_Alignment_Unmasked_Genome/unalignedRead2AgainstGenome_582760840_B5_S34_R2_001.fq, /data/vrc_his/douek_lab/projects/PathSeq/cokie_pathseq_rewrite/PathseqRepoTempSkyline/Output/Sample_582760840_B5_S34_R1_001/ERCC_alignment_rates/ERCC_alignment_rate_582760840_B5_S34_R1_001.txt, /data/vrc_his/douek_lab/projects/PathSeq/cokie_pathseq_rewrite/PathseqRepoTempSkyline/Output/Sample_582760840_B5_S34_R1_001/Generated_Data_2nd_Bowtie_Alignment_Unmasked_Genome/picard_stderr_582760840_B5_S34_R1_001.txt, /data/vrc_his/douek_lab/projects/PathSeq/cokie_pathseq_rewrite/PathseqRepoTempSkyline/Output/Sample_582760840_B5_S34_R1_001/Generated_Data_2nd_Bowtie_Alignment_Unmasked_Genome/picard_stdout_582760840_B5_S34_R1_001.txt, /data/vrc_his/douek_lab/projects/PathSeq/cokie_pathseq_rewrite/PathseqRepoTempSkyline/Output/Sample_582760840_B5_S34_R1_001/finished_bowtieUnmaskedGenome.txt
    jobid: 2
    reason: Missing output files: /data/vrc_his/douek_lab/projects/PathSeq/cokie_pathseq_rewrite/PathseqRepoTempSkyline/Output/Sample_582760840_B5_S34_R1_001/Generated_Data_2nd_Bowtie_Alignment_Unmasked_Genome/unalignedRead1AgainstGenome_582760840_B5_S34_R1_001.fq
    wildcards: sample=582760840_B5_S34
    resources: tmpdir=/data/scratch/parkercol/ai-hpcsubmit1, cpus=12


        bash /data/vrc_his/douek_lab/projects/PathSeq/cokie_pathseq_rewrite/PathseqRepoTempSkyline/PathSeq/Code/bowtieUnmaskedGenome.sh 582760840_B5_S34_R1_001 582760840_B5_S34_R2_001 /data/vrc_his/douek_lab/projects/PathSeq/cokie_pathseq_rewrite/2023020_EVD68_NS/Input_Data/582760840_B5_S34_R1_001.fastq.gz         /data/vrc_his/douek_lab/projects/PathSeq/cokie_pathseq_rewrite/2023020_EVD68_NS/Input_Data/582760840_B5_S34_R2_001.fastq.gz /data/vrc_his/douek_lab/projects/PathSeq/cokie_pathseq_rewrite/PathseqRepoTempSkyline/Output/ /data/vrc_his/douek_lab/projects/PathSeq/cokie_pathseq_rewrite/PathseqRepoTempSkyline/PathSeq/Code/ /data/vrc_his/douek_lab/reference_sets/ERCC/ERCC92         /data/vrc_his/douek_lab/reference_sets/hg19/unmasked/genome /data/vrc_his/douek_lab/projects/PathSeq/programs/picard/2.18.14/picard.jar
        
[Thu Sep  5 14:07:52 2024]
Finished job 2.
2 of 3 steps (67%) done
Select jobs to execute...

[Thu Sep  5 14:07:52 2024]
localrule all:
    input: /data/vrc_his/douek_lab/projects/PathSeq/cokie_pathseq_rewrite/PathseqRepoTempSkyline/Output/Sample_582760806_A5_S33_R1_001/Generated_Data_2nd_Bowtie_Alignment_Unmasked_Genome/unalignedRead1AgainstGenome_582760806_A5_S33_R1_001.fq, /data/vrc_his/douek_lab/projects/PathSeq/cokie_pathseq_rewrite/PathseqRepoTempSkyline/Output/Sample_582760840_B5_S34_R1_001/Generated_Data_2nd_Bowtie_Alignment_Unmasked_Genome/unalignedRead1AgainstGenome_582760840_B5_S34_R1_001.fq
    jobid: 0
    reason: Input files updated by another job: /data/vrc_his/douek_lab/projects/PathSeq/cokie_pathseq_rewrite/PathseqRepoTempSkyline/Output/Sample_582760840_B5_S34_R1_001/Generated_Data_2nd_Bowtie_Alignment_Unmasked_Genome/unalignedRead1AgainstGenome_582760840_B5_S34_R1_001.fq, /data/vrc_his/douek_lab/projects/PathSeq/cokie_pathseq_rewrite/PathseqRepoTempSkyline/Output/Sample_582760806_A5_S33_R1_001/Generated_Data_2nd_Bowtie_Alignment_Unmasked_Genome/unalignedRead1AgainstGenome_582760806_A5_S33_R1_001.fq
    resources: tmpdir=/data/scratch/parkercol/ai-hpcsubmit1

[Thu Sep  5 14:07:52 2024]
Finished job 0.
3 of 3 steps (100%) done
Complete log: .snakemake/log/2024-09-05T133140.777850.snakemake.log
